2019-10-25 11:35:53 Error: Fatal Error (1): Class 'AppControoler' not found in [/var/www/html/app/Controller/PostsController.php, line 3]
2019-10-25 11:35:53 Error: [FatalErrorException] Class 'AppControoler' not found
Request URL: /posts
Stack Trace:
#0 /var/www/html/lib/Cake/Error/ErrorHandler.php(212): ErrorHandler::handleFatalError(1, 'Class 'AppContr...', '/var/www/html/a...', 3)
#1 /var/www/html/lib/Cake/Core/App.php(970): ErrorHandler::handleError(1, 'Class 'AppContr...', '/var/www/html/a...', 3, Array)
#2 /var/www/html/lib/Cake/Core/App.php(943): App::_checkFatalError()
#3 [internal function]: App::shutdown()
#4 {main}
2019-10-25 11:52:33 Error: [MissingControllerException] Controller class AddController could not be found.
Exception Attributes: array (
  'class' => 'AddController',
  'plugin' => NULL,
)
Request URL: /add
Stack Trace:
#0 /var/www/html/app/webroot/index.php(117): Dispatcher->dispatch(Object(CakeRequest), Object(CakeResponse))
#1 {main}
2019-10-25 11:54:46 Error: [MissingControllerException] Controller class AddController could not be found.
Exception Attributes: array (
  'class' => 'AddController',
  'plugin' => NULL,
)
Request URL: /add
Stack Trace:
#0 /var/www/html/app/webroot/index.php(117): Dispatcher->dispatch(Object(CakeRequest), Object(CakeResponse))
#1 {main}
2019-10-25 12:17:10 Error: [MissingViewException] View file "Posts/edit.ctp" is missing.
Exception Attributes: array (
  'file' => 'Posts/edit.ctp',
)
Request URL: /posts/edit/1
Stack Trace:
#0 /var/www/html/lib/Cake/View/View.php(470): View->_getViewFileName('Posts/edit')
#1 /var/www/html/lib/Cake/Controller/Controller.php(968): View->render(NULL, NULL)
#2 /var/www/html/lib/Cake/Routing/Dispatcher.php(200): Controller->render()
#3 /var/www/html/lib/Cake/Routing/Dispatcher.php(167): Dispatcher->_invoke(Object(PostsController), Object(CakeRequest))
#4 /var/www/html/app/webroot/index.php(117): Dispatcher->dispatch(Object(CakeRequest), Object(CakeResponse))
#5 {main}
2019-10-25 12:48:44 Error: [NotFoundException] Post invalido!
Request URL: /posts/view/
Stack Trace:
#0 [internal function]: PostsController->view()
#1 /var/www/html/lib/Cake/Controller/Controller.php(499): ReflectionMethod->invokeArgs(Object(PostsController), Array)
#2 /var/www/html/lib/Cake/Routing/Dispatcher.php(193): Controller->invokeAction(Object(CakeRequest))
#3 /var/www/html/lib/Cake/Routing/Dispatcher.php(167): Dispatcher->_invoke(Object(PostsController), Object(CakeRequest))
#4 /var/www/html/app/webroot/index.php(117): Dispatcher->dispatch(Object(CakeRequest), Object(CakeResponse))
#5 {main}
2019-10-25 12:49:01 Error: [NotFoundException] Post invalido!
Request URL: /posts/view/11
Stack Trace:
#0 [internal function]: PostsController->view('11')
#1 /var/www/html/lib/Cake/Controller/Controller.php(499): ReflectionMethod->invokeArgs(Object(PostsController), Array)
#2 /var/www/html/lib/Cake/Routing/Dispatcher.php(193): Controller->invokeAction(Object(CakeRequest))
#3 /var/www/html/lib/Cake/Routing/Dispatcher.php(167): Dispatcher->_invoke(Object(PostsController), Object(CakeRequest))
#4 /var/www/html/app/webroot/index.php(117): Dispatcher->dispatch(Object(CakeRequest), Object(CakeResponse))
#5 {main}
2019-10-25 12:51:33 Error: [MissingActionException] Action PostsController::123123() could not be found.
Exception Attributes: array (
  'controller' => 'PostsController',
  'action' => '123123',
)
Request URL: /posts/123123
Stack Trace:
#0 /var/www/html/lib/Cake/Routing/Dispatcher.php(193): Controller->invokeAction(Object(CakeRequest))
#1 /var/www/html/lib/Cake/Routing/Dispatcher.php(167): Dispatcher->_invoke(Object(PostsController), Object(CakeRequest))
#2 /var/www/html/app/webroot/index.php(117): Dispatcher->dispatch(Object(CakeRequest), Object(CakeResponse))
#3 {main}
2019-10-25 13:05:37 Error: [ParseError] syntax error, unexpected '}', expecting ',' or ')'
Request URL: /posts/view/1
Stack Trace:
#0 [internal function]: App::load('PostsController')
#1 [internal function]: spl_autoload_call('PostsController')
#2 /var/www/html/lib/Cake/Routing/Dispatcher.php(266): class_exists('PostsController')
#3 /var/www/html/lib/Cake/Routing/Dispatcher.php(235): Dispatcher->_loadController(Object(CakeRequest))
#4 /var/www/html/lib/Cake/Routing/Dispatcher.php(158): Dispatcher->_getController(Object(CakeRequest), Object(CakeResponse))
#5 /var/www/html/app/webroot/index.php(117): Dispatcher->dispatch(Object(CakeRequest), Object(CakeResponse))
#6 {main}
2019-10-25 13:06:00 Error: [ParseError] syntax error, unexpected ';', expecting ',' or ')'
Request URL: /posts
Stack Trace:
#0 [internal function]: App::load('PostsController')
#1 [internal function]: spl_autoload_call('PostsController')
#2 /var/www/html/lib/Cake/Routing/Dispatcher.php(266): class_exists('PostsController')
#3 /var/www/html/lib/Cake/Routing/Dispatcher.php(235): Dispatcher->_loadController(Object(CakeRequest))
#4 /var/www/html/lib/Cake/Routing/Dispatcher.php(158): Dispatcher->_getController(Object(CakeRequest), Object(CakeResponse))
#5 /var/www/html/app/webroot/index.php(117): Dispatcher->dispatch(Object(CakeRequest), Object(CakeResponse))
#6 {main}
2019-10-25 13:22:10 Error: [ParseError] syntax error, unexpected ';', expecting ')'
Request URL: /posts/edit/1
Stack Trace:
#0 /var/www/html/lib/Cake/View/View.php(933): View->_evaluate('/var/www/html/a...', Array)
#1 /var/www/html/lib/Cake/View/View.php(473): View->_render('/var/www/html/a...')
#2 /var/www/html/lib/Cake/Controller/Controller.php(968): View->render(NULL, NULL)
#3 /var/www/html/lib/Cake/Routing/Dispatcher.php(200): Controller->render()
#4 /var/www/html/lib/Cake/Routing/Dispatcher.php(167): Dispatcher->_invoke(Object(PostsController), Object(CakeRequest))
#5 /var/www/html/app/webroot/index.php(117): Dispatcher->dispatch(Object(CakeRequest), Object(CakeResponse))
#6 {main}
2019-10-25 13:22:55 Error: [ParseError] syntax error, unexpected ';', expecting ')'
Request URL: /posts/edit/1
Stack Trace:
#0 /var/www/html/lib/Cake/View/View.php(933): View->_evaluate('/var/www/html/a...', Array)
#1 /var/www/html/lib/Cake/View/View.php(473): View->_render('/var/www/html/a...')
#2 /var/www/html/lib/Cake/Controller/Controller.php(968): View->render(NULL, NULL)
#3 /var/www/html/lib/Cake/Routing/Dispatcher.php(200): Controller->render()
#4 /var/www/html/lib/Cake/Routing/Dispatcher.php(167): Dispatcher->_invoke(Object(PostsController), Object(CakeRequest))
#5 /var/www/html/app/webroot/index.php(117): Dispatcher->dispatch(Object(CakeRequest), Object(CakeResponse))
#6 {main}
2019-10-25 13:22:55 Error: [ParseError] syntax error, unexpected ';', expecting ')'
Request URL: /posts/edit/1
Stack Trace:
#0 /var/www/html/lib/Cake/View/View.php(933): View->_evaluate('/var/www/html/a...', Array)
#1 /var/www/html/lib/Cake/View/View.php(473): View->_render('/var/www/html/a...')
#2 /var/www/html/lib/Cake/Controller/Controller.php(968): View->render(NULL, NULL)
#3 /var/www/html/lib/Cake/Routing/Dispatcher.php(200): Controller->render()
#4 /var/www/html/lib/Cake/Routing/Dispatcher.php(167): Dispatcher->_invoke(Object(PostsController), Object(CakeRequest))
#5 /var/www/html/app/webroot/index.php(117): Dispatcher->dispatch(Object(CakeRequest), Object(CakeResponse))
#6 {main}
2019-10-25 13:22:56 Error: [ParseError] syntax error, unexpected ';', expecting ')'
Request URL: /posts/edit/1
Stack Trace:
#0 /var/www/html/lib/Cake/View/View.php(933): View->_evaluate('/var/www/html/a...', Array)
#1 /var/www/html/lib/Cake/View/View.php(473): View->_render('/var/www/html/a...')
#2 /var/www/html/lib/Cake/Controller/Controller.php(968): View->render(NULL, NULL)
#3 /var/www/html/lib/Cake/Routing/Dispatcher.php(200): Controller->render()
#4 /var/www/html/lib/Cake/Routing/Dispatcher.php(167): Dispatcher->_invoke(Object(PostsController), Object(CakeRequest))
#5 /var/www/html/app/webroot/index.php(117): Dispatcher->dispatch(Object(CakeRequest), Object(CakeResponse))
#6 {main}
2019-10-25 13:23:41 Error: [ParseError] syntax error, unexpected ';', expecting ')'
Request URL: /posts/edit/1
Stack Trace:
#0 /var/www/html/lib/Cake/View/View.php(933): View->_evaluate('/var/www/html/a...', Array)
#1 /var/www/html/lib/Cake/View/View.php(473): View->_render('/var/www/html/a...')
#2 /var/www/html/lib/Cake/Controller/Controller.php(968): View->render(NULL, NULL)
#3 /var/www/html/lib/Cake/Routing/Dispatcher.php(200): Controller->render()
#4 /var/www/html/lib/Cake/Routing/Dispatcher.php(167): Dispatcher->_invoke(Object(PostsController), Object(CakeRequest))
#5 /var/www/html/app/webroot/index.php(117): Dispatcher->dispatch(Object(CakeRequest), Object(CakeResponse))
#6 {main}
2019-10-25 13:24:49 Error: [ParseError] syntax error, unexpected ''options'' (T_CONSTANT_ENCAPSED_STRING), expecting ')'
Request URL: /posts/edit/1
Stack Trace:
#0 /var/www/html/lib/Cake/View/View.php(933): View->_evaluate('/var/www/html/a...', Array)
#1 /var/www/html/lib/Cake/View/View.php(473): View->_render('/var/www/html/a...')
#2 /var/www/html/lib/Cake/Controller/Controller.php(968): View->render(NULL, NULL)
#3 /var/www/html/lib/Cake/Routing/Dispatcher.php(200): Controller->render()
#4 /var/www/html/lib/Cake/Routing/Dispatcher.php(167): Dispatcher->_invoke(Object(PostsController), Object(CakeRequest))
#5 /var/www/html/app/webroot/index.php(117): Dispatcher->dispatch(Object(CakeRequest), Object(CakeResponse))
#6 {main}
2019-10-25 13:24:52 Error: [ParseError] syntax error, unexpected ''options'' (T_CONSTANT_ENCAPSED_STRING), expecting ')'
Request URL: /posts/edit/1
Stack Trace:
#0 /var/www/html/lib/Cake/View/View.php(933): View->_evaluate('/var/www/html/a...', Array)
#1 /var/www/html/lib/Cake/View/View.php(473): View->_render('/var/www/html/a...')
#2 /var/www/html/lib/Cake/Controller/Controller.php(968): View->render(NULL, NULL)
#3 /var/www/html/lib/Cake/Routing/Dispatcher.php(200): Controller->render()
#4 /var/www/html/lib/Cake/Routing/Dispatcher.php(167): Dispatcher->_invoke(Object(PostsController), Object(CakeRequest))
#5 /var/www/html/app/webroot/index.php(117): Dispatcher->dispatch(Object(CakeRequest), Object(CakeResponse))
#6 {main}
2019-10-25 13:42:58 Error: [CakeException] Method save does not exist
Request URL: /posts/edit/4
Stack Trace:
#0 /var/www/html/app/Controller/PostsController.php(53): CakeRequest->__call('save', Array)
#1 [internal function]: PostsController->edit('4')
#2 /var/www/html/lib/Cake/Controller/Controller.php(499): ReflectionMethod->invokeArgs(Object(PostsController), Array)
#3 /var/www/html/lib/Cake/Routing/Dispatcher.php(193): Controller->invokeAction(Object(CakeRequest))
#4 /var/www/html/lib/Cake/Routing/Dispatcher.php(167): Dispatcher->_invoke(Object(PostsController), Object(CakeRequest))
#5 /var/www/html/app/webroot/index.php(117): Dispatcher->dispatch(Object(CakeRequest), Object(CakeResponse))
#6 {main}
2019-10-25 13:44:25 Error: [CakeException] Method save does not exist
Request URL: /posts/edit/4
Stack Trace:
#0 /var/www/html/app/Controller/PostsController.php(53): CakeRequest->__call('save', Array)
#1 [internal function]: PostsController->edit('4')
#2 /var/www/html/lib/Cake/Controller/Controller.php(499): ReflectionMethod->invokeArgs(Object(PostsController), Array)
#3 /var/www/html/lib/Cake/Routing/Dispatcher.php(193): Controller->invokeAction(Object(CakeRequest))
#4 /var/www/html/lib/Cake/Routing/Dispatcher.php(167): Dispatcher->_invoke(Object(PostsController), Object(CakeRequest))
#5 /var/www/html/app/webroot/index.php(117): Dispatcher->dispatch(Object(CakeRequest), Object(CakeResponse))
#6 {main}
2019-10-25 14:19:12 Error: [MissingActionException] Action PostsController::delete() could not be found.
Exception Attributes: array (
  'controller' => 'PostsController',
  'action' => 'delete',
)
Request URL: /posts/delete/1
Stack Trace:
#0 /var/www/html/lib/Cake/Routing/Dispatcher.php(193): Controller->invokeAction(Object(CakeRequest))
#1 /var/www/html/lib/Cake/Routing/Dispatcher.php(167): Dispatcher->_invoke(Object(PostsController), Object(CakeRequest))
#2 /var/www/html/app/webroot/index.php(117): Dispatcher->dispatch(Object(CakeRequest), Object(CakeResponse))
#3 {main}
2019-10-25 14:34:23 Error: [MissingActionException] Action PostsController::1231231231() could not be found.
Exception Attributes: array (
  'controller' => 'PostsController',
  'action' => '1231231231',
)
Request URL: /posts/1231231231
Stack Trace:
#0 /var/www/html/lib/Cake/Routing/Dispatcher.php(193): Controller->invokeAction(Object(CakeRequest))
#1 /var/www/html/lib/Cake/Routing/Dispatcher.php(167): Dispatcher->_invoke(Object(PostsController), Object(CakeRequest))
#2 /var/www/html/app/webroot/index.php(117): Dispatcher->dispatch(Object(CakeRequest), Object(CakeResponse))
#3 {main}
2019-10-25 16:21:51 Error: [ParseError] syntax error, unexpected end of file, expecting function (T_FUNCTION) or const (T_CONST)
Request URL: /users/login
Stack Trace:
#0 [internal function]: App::load('UsersController')
#1 [internal function]: spl_autoload_call('UsersController')
#2 /var/www/html/lib/Cake/Routing/Dispatcher.php(266): class_exists('UsersController')
#3 /var/www/html/lib/Cake/Routing/Dispatcher.php(235): Dispatcher->_loadController(Object(CakeRequest))
#4 /var/www/html/lib/Cake/Routing/Dispatcher.php(158): Dispatcher->_getController(Object(CakeRequest), Object(CakeResponse))
#5 /var/www/html/app/webroot/index.php(117): Dispatcher->dispatch(Object(CakeRequest), Object(CakeResponse))
#6 {main}
2019-10-25 16:21:57 Error: [ParseError] syntax error, unexpected end of file, expecting function (T_FUNCTION) or const (T_CONST)
Request URL: /users/login
Stack Trace:
#0 [internal function]: App::load('UsersController')
#1 [internal function]: spl_autoload_call('UsersController')
#2 /var/www/html/lib/Cake/Routing/Dispatcher.php(266): class_exists('UsersController')
#3 /var/www/html/lib/Cake/Routing/Dispatcher.php(235): Dispatcher->_loadController(Object(CakeRequest))
#4 /var/www/html/lib/Cake/Routing/Dispatcher.php(158): Dispatcher->_getController(Object(CakeRequest), Object(CakeResponse))
#5 /var/www/html/app/webroot/index.php(117): Dispatcher->dispatch(Object(CakeRequest), Object(CakeResponse))
#6 {main}
2019-10-25 16:21:57 Error: [ParseError] syntax error, unexpected end of file, expecting function (T_FUNCTION) or const (T_CONST)
Request URL: /users/login
Stack Trace:
#0 [internal function]: App::load('UsersController')
#1 [internal function]: spl_autoload_call('UsersController')
#2 /var/www/html/lib/Cake/Routing/Dispatcher.php(266): class_exists('UsersController')
#3 /var/www/html/lib/Cake/Routing/Dispatcher.php(235): Dispatcher->_loadController(Object(CakeRequest))
#4 /var/www/html/lib/Cake/Routing/Dispatcher.php(158): Dispatcher->_getController(Object(CakeRequest), Object(CakeResponse))
#5 /var/www/html/app/webroot/index.php(117): Dispatcher->dispatch(Object(CakeRequest), Object(CakeResponse))
#6 {main}
2019-10-25 16:21:58 Error: [ParseError] syntax error, unexpected end of file, expecting function (T_FUNCTION) or const (T_CONST)
Request URL: /users/login
Stack Trace:
#0 [internal function]: App::load('UsersController')
#1 [internal function]: spl_autoload_call('UsersController')
#2 /var/www/html/lib/Cake/Routing/Dispatcher.php(266): class_exists('UsersController')
#3 /var/www/html/lib/Cake/Routing/Dispatcher.php(235): Dispatcher->_loadController(Object(CakeRequest))
#4 /var/www/html/lib/Cake/Routing/Dispatcher.php(158): Dispatcher->_getController(Object(CakeRequest), Object(CakeResponse))
#5 /var/www/html/app/webroot/index.php(117): Dispatcher->dispatch(Object(CakeRequest), Object(CakeResponse))
#6 {main}
2019-10-25 16:22:38 Error: [ParseError] syntax error, unexpected end of file, expecting function (T_FUNCTION) or const (T_CONST)
Request URL: /users/login
Stack Trace:
#0 [internal function]: App::load('UsersController')
#1 [internal function]: spl_autoload_call('UsersController')
#2 /var/www/html/lib/Cake/Routing/Dispatcher.php(266): class_exists('UsersController')
#3 /var/www/html/lib/Cake/Routing/Dispatcher.php(235): Dispatcher->_loadController(Object(CakeRequest))
#4 /var/www/html/lib/Cake/Routing/Dispatcher.php(158): Dispatcher->_getController(Object(CakeRequest), Object(CakeResponse))
#5 /var/www/html/app/webroot/index.php(117): Dispatcher->dispatch(Object(CakeRequest), Object(CakeResponse))
#6 {main}
2019-10-25 16:22:39 Error: [ParseError] syntax error, unexpected end of file, expecting function (T_FUNCTION) or const (T_CONST)
Request URL: /users/login
Stack Trace:
#0 [internal function]: App::load('UsersController')
#1 [internal function]: spl_autoload_call('UsersController')
#2 /var/www/html/lib/Cake/Routing/Dispatcher.php(266): class_exists('UsersController')
#3 /var/www/html/lib/Cake/Routing/Dispatcher.php(235): Dispatcher->_loadController(Object(CakeRequest))
#4 /var/www/html/lib/Cake/Routing/Dispatcher.php(158): Dispatcher->_getController(Object(CakeRequest), Object(CakeResponse))
#5 /var/www/html/app/webroot/index.php(117): Dispatcher->dispatch(Object(CakeRequest), Object(CakeResponse))
#6 {main}
2019-10-25 16:22:39 Error: [ParseError] syntax error, unexpected end of file, expecting function (T_FUNCTION) or const (T_CONST)
Request URL: /users/login
Stack Trace:
#0 [internal function]: App::load('UsersController')
#1 [internal function]: spl_autoload_call('UsersController')
#2 /var/www/html/lib/Cake/Routing/Dispatcher.php(266): class_exists('UsersController')
#3 /var/www/html/lib/Cake/Routing/Dispatcher.php(235): Dispatcher->_loadController(Object(CakeRequest))
#4 /var/www/html/lib/Cake/Routing/Dispatcher.php(158): Dispatcher->_getController(Object(CakeRequest), Object(CakeResponse))
#5 /var/www/html/app/webroot/index.php(117): Dispatcher->dispatch(Object(CakeRequest), Object(CakeResponse))
#6 {main}
2019-10-25 16:22:39 Error: [ParseError] syntax error, unexpected end of file, expecting function (T_FUNCTION) or const (T_CONST)
Request URL: /users/login
Stack Trace:
#0 [internal function]: App::load('UsersController')
#1 [internal function]: spl_autoload_call('UsersController')
#2 /var/www/html/lib/Cake/Routing/Dispatcher.php(266): class_exists('UsersController')
#3 /var/www/html/lib/Cake/Routing/Dispatcher.php(235): Dispatcher->_loadController(Object(CakeRequest))
#4 /var/www/html/lib/Cake/Routing/Dispatcher.php(158): Dispatcher->_getController(Object(CakeRequest), Object(CakeResponse))
#5 /var/www/html/app/webroot/index.php(117): Dispatcher->dispatch(Object(CakeRequest), Object(CakeResponse))
#6 {main}
2019-10-25 16:22:51 Error: [ParseError] syntax error, unexpected end of file, expecting function (T_FUNCTION) or const (T_CONST)
Request URL: /users/login
Stack Trace:
#0 [internal function]: App::load('UsersController')
#1 [internal function]: spl_autoload_call('UsersController')
#2 /var/www/html/lib/Cake/Routing/Dispatcher.php(266): class_exists('UsersController')
#3 /var/www/html/lib/Cake/Routing/Dispatcher.php(235): Dispatcher->_loadController(Object(CakeRequest))
#4 /var/www/html/lib/Cake/Routing/Dispatcher.php(158): Dispatcher->_getController(Object(CakeRequest), Object(CakeResponse))
#5 /var/www/html/app/webroot/index.php(117): Dispatcher->dispatch(Object(CakeRequest), Object(CakeResponse))
#6 {main}
2019-10-25 16:23:30 Error: [ParseError] syntax error, unexpected end of file, expecting function (T_FUNCTION) or const (T_CONST)
Request URL: /users/login
Stack Trace:
#0 [internal function]: App::load('UsersController')
#1 [internal function]: spl_autoload_call('UsersController')
#2 /var/www/html/lib/Cake/Routing/Dispatcher.php(266): class_exists('UsersController')
#3 /var/www/html/lib/Cake/Routing/Dispatcher.php(235): Dispatcher->_loadController(Object(CakeRequest))
#4 /var/www/html/lib/Cake/Routing/Dispatcher.php(158): Dispatcher->_getController(Object(CakeRequest), Object(CakeResponse))
#5 /var/www/html/app/webroot/index.php(117): Dispatcher->dispatch(Object(CakeRequest), Object(CakeResponse))
#6 {main}
2019-10-25 16:24:33 Error: [MissingControllerException] Controller class UsersController could not be found.
Exception Attributes: array (
  'class' => 'UsersController',
  'plugin' => NULL,
)
Request URL: /users/login
Stack Trace:
#0 /var/www/html/app/webroot/index.php(117): Dispatcher->dispatch(Object(CakeRequest), Object(CakeResponse))
#1 {main}
2019-10-25 16:24:34 Error: [MissingControllerException] Controller class UsersController could not be found.
Exception Attributes: array (
  'class' => 'UsersController',
  'plugin' => NULL,
)
Request URL: /users/login
Stack Trace:
#0 /var/www/html/app/webroot/index.php(117): Dispatcher->dispatch(Object(CakeRequest), Object(CakeResponse))
#1 {main}
2019-10-25 16:24:35 Error: [MissingControllerException] Controller class UsersController could not be found.
Exception Attributes: array (
  'class' => 'UsersController',
  'plugin' => NULL,
)
Request URL: /users/login
Stack Trace:
#0 /var/www/html/app/webroot/index.php(117): Dispatcher->dispatch(Object(CakeRequest), Object(CakeResponse))
#1 {main}
2019-10-25 16:24:35 Error: [MissingControllerException] Controller class UsersController could not be found.
Exception Attributes: array (
  'class' => 'UsersController',
  'plugin' => NULL,
)
Request URL: /users/login
Stack Trace:
#0 /var/www/html/app/webroot/index.php(117): Dispatcher->dispatch(Object(CakeRequest), Object(CakeResponse))
#1 {main}
2019-10-25 16:24:35 Error: [MissingControllerException] Controller class UsersController could not be found.
Exception Attributes: array (
  'class' => 'UsersController',
  'plugin' => NULL,
)
Request URL: /users/login
Stack Trace:
#0 /var/www/html/app/webroot/index.php(117): Dispatcher->dispatch(Object(CakeRequest), Object(CakeResponse))
#1 {main}
2019-10-25 16:24:35 Error: [MissingControllerException] Controller class UsersController could not be found.
Exception Attributes: array (
  'class' => 'UsersController',
  'plugin' => NULL,
)
Request URL: /users/login
Stack Trace:
#0 /var/www/html/app/webroot/index.php(117): Dispatcher->dispatch(Object(CakeRequest), Object(CakeResponse))
#1 {main}
2019-10-25 16:24:36 Error: [MissingControllerException] Controller class UsersController could not be found.
Exception Attributes: array (
  'class' => 'UsersController',
  'plugin' => NULL,
)
Request URL: /users/login
Stack Trace:
#0 /var/www/html/app/webroot/index.php(117): Dispatcher->dispatch(Object(CakeRequest), Object(CakeResponse))
#1 {main}
2019-10-25 16:24:36 Error: [MissingControllerException] Controller class UsersController could not be found.
Exception Attributes: array (
  'class' => 'UsersController',
  'plugin' => NULL,
)
Request URL: /users/login
Stack Trace:
#0 /var/www/html/app/webroot/index.php(117): Dispatcher->dispatch(Object(CakeRequest), Object(CakeResponse))
#1 {main}
2019-10-25 16:24:59 Error: [MissingControllerException] Controller class UsersController could not be found.
Exception Attributes: array (
  'class' => 'UsersController',
  'plugin' => NULL,
)
Request URL: /users/login
Stack Trace:
#0 /var/www/html/app/webroot/index.php(117): Dispatcher->dispatch(Object(CakeRequest), Object(CakeResponse))
#1 {main}
2019-10-25 16:25:00 Error: [MissingControllerException] Controller class UsersController could not be found.
Exception Attributes: array (
  'class' => 'UsersController',
  'plugin' => NULL,
)
Request URL: /users/login
Stack Trace:
#0 /var/www/html/app/webroot/index.php(117): Dispatcher->dispatch(Object(CakeRequest), Object(CakeResponse))
#1 {main}
2019-10-25 16:25:00 Error: [MissingControllerException] Controller class UsersController could not be found.
Exception Attributes: array (
  'class' => 'UsersController',
  'plugin' => NULL,
)
Request URL: /users/login
Stack Trace:
#0 /var/www/html/app/webroot/index.php(117): Dispatcher->dispatch(Object(CakeRequest), Object(CakeResponse))
#1 {main}
2019-10-25 16:25:00 Error: [MissingControllerException] Controller class UsersController could not be found.
Exception Attributes: array (
  'class' => 'UsersController',
  'plugin' => NULL,
)
Request URL: /users/login
Stack Trace:
#0 /var/www/html/app/webroot/index.php(117): Dispatcher->dispatch(Object(CakeRequest), Object(CakeResponse))
#1 {main}
2019-10-25 16:25:01 Error: [MissingControllerException] Controller class UsersController could not be found.
Exception Attributes: array (
  'class' => 'UsersController',
  'plugin' => NULL,
)
Request URL: /users/login
Stack Trace:
#0 /var/www/html/app/webroot/index.php(117): Dispatcher->dispatch(Object(CakeRequest), Object(CakeResponse))
#1 {main}
2019-10-25 16:25:01 Error: [MissingControllerException] Controller class UsersController could not be found.
Exception Attributes: array (
  'class' => 'UsersController',
  'plugin' => NULL,
)
Request URL: /users/login
Stack Trace:
#0 /var/www/html/app/webroot/index.php(117): Dispatcher->dispatch(Object(CakeRequest), Object(CakeResponse))
#1 {main}
2019-10-25 16:25:02 Error: [MissingControllerException] Controller class UsersController could not be found.
Exception Attributes: array (
  'class' => 'UsersController',
  'plugin' => NULL,
)
Request URL: /users/login
Stack Trace:
#0 /var/www/html/app/webroot/index.php(117): Dispatcher->dispatch(Object(CakeRequest), Object(CakeResponse))
#1 {main}
2019-10-25 16:25:42 Error: [MissingControllerException] Controller class UsersController could not be found.
Exception Attributes: array (
  'class' => 'UsersController',
  'plugin' => NULL,
)
Request URL: /users/login
Stack Trace:
#0 /var/www/html/app/webroot/index.php(117): Dispatcher->dispatch(Object(CakeRequest), Object(CakeResponse))
#1 {main}
2019-10-25 16:25:42 Error: [MissingControllerException] Controller class UsersController could not be found.
Exception Attributes: array (
  'class' => 'UsersController',
  'plugin' => NULL,
)
Request URL: /users/login
Stack Trace:
#0 /var/www/html/app/webroot/index.php(117): Dispatcher->dispatch(Object(CakeRequest), Object(CakeResponse))
#1 {main}
2019-10-25 16:25:43 Error: [MissingControllerException] Controller class UsersController could not be found.
Exception Attributes: array (
  'class' => 'UsersController',
  'plugin' => NULL,
)
Request URL: /users/login
Stack Trace:
#0 /var/www/html/app/webroot/index.php(117): Dispatcher->dispatch(Object(CakeRequest), Object(CakeResponse))
#1 {main}
2019-10-25 16:25:43 Error: [MissingControllerException] Controller class UsersController could not be found.
Exception Attributes: array (
  'class' => 'UsersController',
  'plugin' => NULL,
)
Request URL: /users/login
Stack Trace:
#0 /var/www/html/app/webroot/index.php(117): Dispatcher->dispatch(Object(CakeRequest), Object(CakeResponse))
#1 {main}
2019-10-25 16:25:43 Error: [MissingControllerException] Controller class UsersController could not be found.
Exception Attributes: array (
  'class' => 'UsersController',
  'plugin' => NULL,
)
Request URL: /users/login
Stack Trace:
#0 /var/www/html/app/webroot/index.php(117): Dispatcher->dispatch(Object(CakeRequest), Object(CakeResponse))
#1 {main}
2019-10-25 16:32:37 Error: [ParseError] syntax error, unexpected end of file, expecting function (T_FUNCTION) or const (T_CONST)
Request URL: /users/add
Stack Trace:
#0 [internal function]: App::load('UsersController')
#1 [internal function]: spl_autoload_call('UsersController')
#2 /var/www/html/lib/Cake/Routing/Dispatcher.php(266): class_exists('UsersController')
#3 /var/www/html/lib/Cake/Routing/Dispatcher.php(235): Dispatcher->_loadController(Object(CakeRequest))
#4 /var/www/html/lib/Cake/Routing/Dispatcher.php(158): Dispatcher->_getController(Object(CakeRequest), Object(CakeResponse))
#5 /var/www/html/app/webroot/index.php(117): Dispatcher->dispatch(Object(CakeRequest), Object(CakeResponse))
#6 {main}
2019-10-25 16:33:35 Error: [ParseError] syntax error, unexpected 'public' (T_PUBLIC), expecting ',' or ';'
Request URL: /users/add
Stack Trace:
#0 [internal function]: App::load('UsersController')
#1 [internal function]: spl_autoload_call('UsersController')
#2 /var/www/html/lib/Cake/Routing/Dispatcher.php(266): class_exists('UsersController')
#3 /var/www/html/lib/Cake/Routing/Dispatcher.php(235): Dispatcher->_loadController(Object(CakeRequest))
#4 /var/www/html/lib/Cake/Routing/Dispatcher.php(158): Dispatcher->_getController(Object(CakeRequest), Object(CakeResponse))
#5 /var/www/html/app/webroot/index.php(117): Dispatcher->dispatch(Object(CakeRequest), Object(CakeResponse))
#6 {main}
2019-10-25 16:33:36 Error: [ParseError] syntax error, unexpected 'public' (T_PUBLIC), expecting ',' or ';'
Request URL: /users/add
Stack Trace:
#0 [internal function]: App::load('UsersController')
#1 [internal function]: spl_autoload_call('UsersController')
#2 /var/www/html/lib/Cake/Routing/Dispatcher.php(266): class_exists('UsersController')
#3 /var/www/html/lib/Cake/Routing/Dispatcher.php(235): Dispatcher->_loadController(Object(CakeRequest))
#4 /var/www/html/lib/Cake/Routing/Dispatcher.php(158): Dispatcher->_getController(Object(CakeRequest), Object(CakeResponse))
#5 /var/www/html/app/webroot/index.php(117): Dispatcher->dispatch(Object(CakeRequest), Object(CakeResponse))
#6 {main}
2019-10-25 16:33:37 Error: [ParseError] syntax error, unexpected 'public' (T_PUBLIC), expecting ',' or ';'
Request URL: /users/add
Stack Trace:
#0 [internal function]: App::load('UsersController')
#1 [internal function]: spl_autoload_call('UsersController')
#2 /var/www/html/lib/Cake/Routing/Dispatcher.php(266): class_exists('UsersController')
#3 /var/www/html/lib/Cake/Routing/Dispatcher.php(235): Dispatcher->_loadController(Object(CakeRequest))
#4 /var/www/html/lib/Cake/Routing/Dispatcher.php(158): Dispatcher->_getController(Object(CakeRequest), Object(CakeResponse))
#5 /var/www/html/app/webroot/index.php(117): Dispatcher->dispatch(Object(CakeRequest), Object(CakeResponse))
#6 {main}
2019-10-25 16:33:48 Error: [ParseError] syntax error, unexpected end of file, expecting function (T_FUNCTION) or const (T_CONST)
Request URL: /users/add
Stack Trace:
#0 [internal function]: App::load('UsersController')
#1 [internal function]: spl_autoload_call('UsersController')
#2 /var/www/html/lib/Cake/Routing/Dispatcher.php(266): class_exists('UsersController')
#3 /var/www/html/lib/Cake/Routing/Dispatcher.php(235): Dispatcher->_loadController(Object(CakeRequest))
#4 /var/www/html/lib/Cake/Routing/Dispatcher.php(158): Dispatcher->_getController(Object(CakeRequest), Object(CakeResponse))
#5 /var/www/html/app/webroot/index.php(117): Dispatcher->dispatch(Object(CakeRequest), Object(CakeResponse))
#6 {main}
2019-10-25 16:33:50 Error: [ParseError] syntax error, unexpected end of file, expecting function (T_FUNCTION) or const (T_CONST)
Request URL: /users/add
Stack Trace:
#0 [internal function]: App::load('UsersController')
#1 [internal function]: spl_autoload_call('UsersController')
#2 /var/www/html/lib/Cake/Routing/Dispatcher.php(266): class_exists('UsersController')
#3 /var/www/html/lib/Cake/Routing/Dispatcher.php(235): Dispatcher->_loadController(Object(CakeRequest))
#4 /var/www/html/lib/Cake/Routing/Dispatcher.php(158): Dispatcher->_getController(Object(CakeRequest), Object(CakeResponse))
#5 /var/www/html/app/webroot/index.php(117): Dispatcher->dispatch(Object(CakeRequest), Object(CakeResponse))
#6 {main}
2019-10-25 16:33:50 Error: [ParseError] syntax error, unexpected end of file, expecting function (T_FUNCTION) or const (T_CONST)
Request URL: /users/add
Stack Trace:
#0 [internal function]: App::load('UsersController')
#1 [internal function]: spl_autoload_call('UsersController')
#2 /var/www/html/lib/Cake/Routing/Dispatcher.php(266): class_exists('UsersController')
#3 /var/www/html/lib/Cake/Routing/Dispatcher.php(235): Dispatcher->_loadController(Object(CakeRequest))
#4 /var/www/html/lib/Cake/Routing/Dispatcher.php(158): Dispatcher->_getController(Object(CakeRequest), Object(CakeResponse))
#5 /var/www/html/app/webroot/index.php(117): Dispatcher->dispatch(Object(CakeRequest), Object(CakeResponse))
#6 {main}
2019-10-25 16:33:50 Error: [ParseError] syntax error, unexpected end of file, expecting function (T_FUNCTION) or const (T_CONST)
Request URL: /users/add
Stack Trace:
#0 [internal function]: App::load('UsersController')
#1 [internal function]: spl_autoload_call('UsersController')
#2 /var/www/html/lib/Cake/Routing/Dispatcher.php(266): class_exists('UsersController')
#3 /var/www/html/lib/Cake/Routing/Dispatcher.php(235): Dispatcher->_loadController(Object(CakeRequest))
#4 /var/www/html/lib/Cake/Routing/Dispatcher.php(158): Dispatcher->_getController(Object(CakeRequest), Object(CakeResponse))
#5 /var/www/html/app/webroot/index.php(117): Dispatcher->dispatch(Object(CakeRequest), Object(CakeResponse))
#6 {main}
2019-10-25 16:34:28 Error: [ParseError] syntax error, unexpected end of file, expecting function (T_FUNCTION) or const (T_CONST)
Request URL: /users/
Stack Trace:
#0 [internal function]: App::load('UsersController')
#1 [internal function]: spl_autoload_call('UsersController')
#2 /var/www/html/lib/Cake/Routing/Dispatcher.php(266): class_exists('UsersController')
#3 /var/www/html/lib/Cake/Routing/Dispatcher.php(235): Dispatcher->_loadController(Object(CakeRequest))
#4 /var/www/html/lib/Cake/Routing/Dispatcher.php(158): Dispatcher->_getController(Object(CakeRequest), Object(CakeResponse))
#5 /var/www/html/app/webroot/index.php(117): Dispatcher->dispatch(Object(CakeRequest), Object(CakeResponse))
#6 {main}
2019-10-25 16:34:32 Error: [ParseError] syntax error, unexpected end of file, expecting function (T_FUNCTION) or const (T_CONST)
Request URL: /users/add
Stack Trace:
#0 [internal function]: App::load('UsersController')
#1 [internal function]: spl_autoload_call('UsersController')
#2 /var/www/html/lib/Cake/Routing/Dispatcher.php(266): class_exists('UsersController')
#3 /var/www/html/lib/Cake/Routing/Dispatcher.php(235): Dispatcher->_loadController(Object(CakeRequest))
#4 /var/www/html/lib/Cake/Routing/Dispatcher.php(158): Dispatcher->_getController(Object(CakeRequest), Object(CakeResponse))
#5 /var/www/html/app/webroot/index.php(117): Dispatcher->dispatch(Object(CakeRequest), Object(CakeResponse))
#6 {main}
2019-10-25 16:38:10 Error: [MissingControllerException] Controller class PostController could not be found.
Exception Attributes: array (
  'class' => 'PostController',
  'plugin' => NULL,
)
Request URL: /post/add
Stack Trace:
#0 /var/www/html/app/webroot/index.php(117): Dispatcher->dispatch(Object(CakeRequest), Object(CakeResponse))
#1 {main}
2019-10-25 16:38:20 Error: [MissingViewException] View file "Users/login.ctp" is missing.
Exception Attributes: array (
  'file' => 'Users/login.ctp',
)
Request URL: /users/login
Stack Trace:
#0 /var/www/html/lib/Cake/View/View.php(470): View->_getViewFileName('Users/login')
#1 /var/www/html/lib/Cake/Controller/Controller.php(968): View->render(NULL, NULL)
#2 /var/www/html/lib/Cake/Routing/Dispatcher.php(200): Controller->render()
#3 /var/www/html/lib/Cake/Routing/Dispatcher.php(167): Dispatcher->_invoke(Object(UsersController), Object(CakeRequest))
#4 /var/www/html/app/webroot/index.php(117): Dispatcher->dispatch(Object(CakeRequest), Object(CakeResponse))
#5 {main}
2019-10-25 16:38:32 Error: [MissingActionException] Action UsersController::logi() could not be found.
Exception Attributes: array (
  'controller' => 'UsersController',
  'action' => 'logi',
)
Request URL: /users/logi
Stack Trace:
#0 /var/www/html/lib/Cake/Routing/Dispatcher.php(193): Controller->invokeAction(Object(CakeRequest))
#1 /var/www/html/lib/Cake/Routing/Dispatcher.php(167): Dispatcher->_invoke(Object(UsersController), Object(CakeRequest))
#2 /var/www/html/app/webroot/index.php(117): Dispatcher->dispatch(Object(CakeRequest), Object(CakeResponse))
#3 {main}
2019-10-25 16:38:52 Error: [MissingViewException] View file "Users/login.ctp" is missing.
Exception Attributes: array (
  'file' => 'Users/login.ctp',
)
Request URL: /users/login
Stack Trace:
#0 /var/www/html/lib/Cake/View/View.php(470): View->_getViewFileName('Users/login')
#1 /var/www/html/lib/Cake/Controller/Controller.php(968): View->render(NULL, NULL)
#2 /var/www/html/lib/Cake/Routing/Dispatcher.php(200): Controller->render()
#3 /var/www/html/lib/Cake/Routing/Dispatcher.php(167): Dispatcher->_invoke(Object(UsersController), Object(CakeRequest))
#4 /var/www/html/app/webroot/index.php(117): Dispatcher->dispatch(Object(CakeRequest), Object(CakeResponse))
#5 {main}
2019-10-25 16:44:36 Error: [MissingViewException] View file "Users/index.ctp" is missing.
Exception Attributes: array (
  'file' => 'Users/index.ctp',
)
Request URL: /users
Stack Trace:
#0 /var/www/html/lib/Cake/View/View.php(470): View->_getViewFileName('Users/index')
#1 /var/www/html/lib/Cake/Controller/Controller.php(968): View->render(NULL, NULL)
#2 /var/www/html/lib/Cake/Routing/Dispatcher.php(200): Controller->render()
#3 /var/www/html/lib/Cake/Routing/Dispatcher.php(167): Dispatcher->_invoke(Object(UsersController), Object(CakeRequest))
#4 /var/www/html/app/webroot/index.php(117): Dispatcher->dispatch(Object(CakeRequest), Object(CakeResponse))
#5 {main}
2019-10-25 16:44:44 Error: [MissingViewException] View file "Users/index.ctp" is missing.
Exception Attributes: array (
  'file' => 'Users/index.ctp',
)
Request URL: /users
Stack Trace:
#0 /var/www/html/lib/Cake/View/View.php(470): View->_getViewFileName('Users/index')
#1 /var/www/html/lib/Cake/Controller/Controller.php(968): View->render(NULL, NULL)
#2 /var/www/html/lib/Cake/Routing/Dispatcher.php(200): Controller->render()
#3 /var/www/html/lib/Cake/Routing/Dispatcher.php(167): Dispatcher->_invoke(Object(UsersController), Object(CakeRequest))
#4 /var/www/html/app/webroot/index.php(117): Dispatcher->dispatch(Object(CakeRequest), Object(CakeResponse))
#5 {main}
2019-10-25 16:46:22 Error: [MissingViewException] View file "Users/index.ctp" is missing.
Exception Attributes: array (
  'file' => 'Users/index.ctp',
)
Request URL: /users/
Stack Trace:
#0 /var/www/html/lib/Cake/View/View.php(470): View->_getViewFileName('Users/index')
#1 /var/www/html/lib/Cake/Controller/Controller.php(968): View->render(NULL, NULL)
#2 /var/www/html/lib/Cake/Routing/Dispatcher.php(200): Controller->render()
#3 /var/www/html/lib/Cake/Routing/Dispatcher.php(167): Dispatcher->_invoke(Object(UsersController), Object(CakeRequest))
#4 /var/www/html/app/webroot/index.php(117): Dispatcher->dispatch(Object(CakeRequest), Object(CakeResponse))
#5 {main}
2019-10-25 16:50:21 Error: [MissingActionException] Action UsersController::index() could not be found.
Exception Attributes: array (
  'controller' => 'UsersController',
  'action' => 'index',
)
Request URL: /users
Stack Trace:
#0 /var/www/html/lib/Cake/Routing/Dispatcher.php(193): Controller->invokeAction(Object(CakeRequest))
#1 /var/www/html/lib/Cake/Routing/Dispatcher.php(167): Dispatcher->_invoke(Object(UsersController), Object(CakeRequest))
#2 /var/www/html/app/webroot/index.php(117): Dispatcher->dispatch(Object(CakeRequest), Object(CakeResponse))
#3 {main}
2019-10-25 16:50:51 Error: [MissingViewException] View file "Users/index.ctp" is missing.
Exception Attributes: array (
  'file' => 'Users/index.ctp',
)
Request URL: /users
Stack Trace:
#0 /var/www/html/lib/Cake/View/View.php(470): View->_getViewFileName('Users/index')
#1 /var/www/html/lib/Cake/Controller/Controller.php(968): View->render(NULL, NULL)
#2 /var/www/html/lib/Cake/Routing/Dispatcher.php(200): Controller->render()
#3 /var/www/html/lib/Cake/Routing/Dispatcher.php(167): Dispatcher->_invoke(Object(UsersController), Object(CakeRequest))
#4 /var/www/html/app/webroot/index.php(117): Dispatcher->dispatch(Object(CakeRequest), Object(CakeResponse))
#5 {main}
2019-10-25 16:57:33 Error: [MissingActionException] Action UsersController::add() could not be found.
Exception Attributes: array (
  'controller' => 'UsersController',
  'action' => 'add',
)
Request URL: /users/add
Stack Trace:
#0 /var/www/html/lib/Cake/Routing/Dispatcher.php(193): Controller->invokeAction(Object(CakeRequest))
#1 /var/www/html/lib/Cake/Routing/Dispatcher.php(167): Dispatcher->_invoke(Object(UsersController), Object(CakeRequest))
#2 /var/www/html/app/webroot/index.php(117): Dispatcher->dispatch(Object(CakeRequest), Object(CakeResponse))
#3 {main}
2019-10-25 16:57:38 Error: [Error] Call to a member function login() on null
Request URL: /users/login
Stack Trace:
#0 [internal function]: UsersController->login()
#1 /var/www/html/lib/Cake/Controller/Controller.php(499): ReflectionMethod->invokeArgs(Object(UsersController), Array)
#2 /var/www/html/lib/Cake/Routing/Dispatcher.php(193): Controller->invokeAction(Object(CakeRequest))
#3 /var/www/html/lib/Cake/Routing/Dispatcher.php(167): Dispatcher->_invoke(Object(UsersController), Object(CakeRequest))
#4 /var/www/html/app/webroot/index.php(117): Dispatcher->dispatch(Object(CakeRequest), Object(CakeResponse))
#5 {main}
2019-10-25 17:06:02 Error: [MissingActionException] Action UsersController::login() could not be found.
Exception Attributes: array (
  'controller' => 'UsersController',
  'action' => 'login',
)
Request URL: /users/login
Stack Trace:
#0 /var/www/html/lib/Cake/Routing/Dispatcher.php(193): Controller->invokeAction(Object(CakeRequest))
#1 /var/www/html/lib/Cake/Routing/Dispatcher.php(167): Dispatcher->_invoke(Object(UsersController), Object(CakeRequest))
#2 /var/www/html/app/webroot/index.php(117): Dispatcher->dispatch(Object(CakeRequest), Object(CakeResponse))
#3 {main}
2019-10-25 17:06:06 Error: [MissingActionException] Action UsersController::ladd() could not be found.
Exception Attributes: array (
  'controller' => 'UsersController',
  'action' => 'ladd',
)
Request URL: /users/ladd
Stack Trace:
#0 /var/www/html/lib/Cake/Routing/Dispatcher.php(193): Controller->invokeAction(Object(CakeRequest))
#1 /var/www/html/lib/Cake/Routing/Dispatcher.php(167): Dispatcher->_invoke(Object(UsersController), Object(CakeRequest))
#2 /var/www/html/app/webroot/index.php(117): Dispatcher->dispatch(Object(CakeRequest), Object(CakeResponse))
#3 {main}
2019-10-25 17:13:12 Error: [MissingActionException] Action UsersController::index() could not be found.
Exception Attributes: array (
  'controller' => 'UsersController',
  'action' => 'index',
)
Request URL: /users
Stack Trace:
#0 /var/www/html/lib/Cake/Routing/Dispatcher.php(193): Controller->invokeAction(Object(CakeRequest))
#1 /var/www/html/lib/Cake/Routing/Dispatcher.php(167): Dispatcher->_invoke(Object(UsersController), Object(CakeRequest))
#2 /var/www/html/app/webroot/index.php(117): Dispatcher->dispatch(Object(CakeRequest), Object(CakeResponse))
#3 {main}
2019-10-25 17:19:36 Error: [Error] Call to a member function allow() on null
Request URL: /
Stack Trace:
#0 /var/www/html/lib/Cake/Event/CakeEventManager.php(244): AppController->beforeFilter(Object(CakeEvent))
#1 /var/www/html/lib/Cake/Controller/Controller.php(682): CakeEventManager->dispatch(Object(CakeEvent))
#2 /var/www/html/lib/Cake/Routing/Dispatcher.php(189): Controller->startupProcess()
#3 /var/www/html/lib/Cake/Routing/Dispatcher.php(167): Dispatcher->_invoke(Object(PostsController), Object(CakeRequest))
#4 /var/www/html/app/webroot/index.php(117): Dispatcher->dispatch(Object(CakeRequest), Object(CakeResponse))
#5 {main}
2019-10-25 17:19:36 Error: Fatal Error (1): Uncaught Error: Call to a member function allow() on null in /var/www/html/app/Controller/AppController.php:36
Stack trace:
#0 /var/www/html/lib/Cake/Event/CakeEventManager.php(244): AppController->beforeFilter(Object(CakeEvent))
#1 /var/www/html/lib/Cake/Controller/Controller.php(682): CakeEventManager->dispatch(Object(CakeEvent))
#2 /var/www/html/lib/Cake/Error/ExceptionRenderer.php(158): Controller->startupProcess()
#3 /var/www/html/lib/Cake/Error/ExceptionRenderer.php(95): ExceptionRenderer->_getController(Object(Error))
#4 /var/www/html/lib/Cake/Error/ErrorHandler.php(126): ExceptionRenderer->__construct(Object(Error))
#5 [internal function]: ErrorHandler::handleException(Object(Error))
#6 {main}
  thrown in [/var/www/html/app/Controller/AppController.php, line 36]
2019-10-25 17:19:36 Error: [FatalErrorException] Uncaught Error: Call to a member function allow() on null in /var/www/html/app/Controller/AppController.php:36
Stack trace:
#0 /var/www/html/lib/Cake/Event/CakeEventManager.php(244): AppController->beforeFilter(Object(CakeEvent))
#1 /var/www/html/lib/Cake/Controller/Controller.php(682): CakeEventManager->dispatch(Object(CakeEvent))
#2 /var/www/html/lib/Cake/Error/ExceptionRenderer.php(158): Controller->startupProcess()
#3 /var/www/html/lib/Cake/Error/ExceptionRenderer.php(95): ExceptionRenderer->_getController(Object(Error))
#4 /var/www/html/lib/Cake/Error/ErrorHandler.php(126): ExceptionRenderer->__construct(Object(Error))
#5 [internal function]: ErrorHandler::handleException(Object(Error))
#6 {main}
  thrown
Request URL: /
Stack Trace:
#0 /var/www/html/lib/Cake/Error/ErrorHandler.php(212): ErrorHandler::handleFatalError(1, 'Uncaught Error:...', '/var/www/html/a...', 36)
#1 /var/www/html/lib/Cake/Core/App.php(970): ErrorHandler::handleError(1, 'Uncaught Error:...', '/var/www/html/a...', 36, Array)
#2 /var/www/html/lib/Cake/Core/App.php(943): App::_checkFatalError()
#3 [internal function]: App::shutdown()
#4 {main}
2019-10-25 17:26:24 Error: [MissingActionException] Action UsersController::index() could not be found.
Exception Attributes: array (
  'controller' => 'UsersController',
  'action' => 'index',
)
Request URL: /users/
Stack Trace:
#0 /var/www/html/lib/Cake/Routing/Dispatcher.php(193): Controller->invokeAction(Object(CakeRequest))
#1 /var/www/html/lib/Cake/Routing/Dispatcher.php(167): Dispatcher->_invoke(Object(UsersController), Object(CakeRequest))
#2 /var/www/html/app/webroot/index.php(117): Dispatcher->dispatch(Object(CakeRequest), Object(CakeResponse))
#3 {main}
2019-10-25 17:27:38 Error: [MissingActionException] Action UsersController::ad() could not be found.
Exception Attributes: array (
  'controller' => 'UsersController',
  'action' => 'ad',
)
Request URL: /users/ad
Stack Trace:
#0 /var/www/html/lib/Cake/Routing/Dispatcher.php(193): Controller->invokeAction(Object(CakeRequest))
#1 /var/www/html/lib/Cake/Routing/Dispatcher.php(167): Dispatcher->_invoke(Object(UsersController), Object(CakeRequest))
#2 /var/www/html/app/webroot/index.php(117): Dispatcher->dispatch(Object(CakeRequest), Object(CakeResponse))
#3 {main}
2019-10-25 18:00:53 Error: [MissingActionException] Action UsersController::index() could not be found.
Exception Attributes: array (
  'controller' => 'UsersController',
  'action' => 'index',
)
Request URL: /users/
Stack Trace:
#0 /var/www/html/lib/Cake/Routing/Dispatcher.php(193): Controller->invokeAction(Object(CakeRequest))
#1 /var/www/html/lib/Cake/Routing/Dispatcher.php(167): Dispatcher->_invoke(Object(UsersController), Object(CakeRequest))
#2 /var/www/html/app/webroot/index.php(117): Dispatcher->dispatch(Object(CakeRequest), Object(CakeResponse))
#3 {main}
2019-10-25 18:36:41 Error: [MissingControllerException] Controller class UsersController could not be found.
Exception Attributes: array (
  'class' => 'UsersController',
  'plugin' => NULL,
)
Request URL: /users/login
Stack Trace:
#0 /var/www/html/app/webroot/index.php(117): Dispatcher->dispatch(Object(CakeRequest), Object(CakeResponse))
#1 {main}
2019-10-25 18:36:44 Error: [MissingControllerException] Controller class UsersController could not be found.
Exception Attributes: array (
  'class' => 'UsersController',
  'plugin' => NULL,
)
Request URL: /users/login
Stack Trace:
#0 /var/www/html/app/webroot/index.php(117): Dispatcher->dispatch(Object(CakeRequest), Object(CakeResponse))
#1 {main}
2019-10-25 18:41:37 Error: [MissingControllerException] Controller class PageController could not be found.
Exception Attributes: array (
  'class' => 'PageController',
  'plugin' => NULL,
)
Request URL: /page/home
Stack Trace:
#0 /var/www/html/app/webroot/index.php(117): Dispatcher->dispatch(Object(CakeRequest), Object(CakeResponse))
#1 {main}
2019-10-25 19:23:30 Error: [MissingViewException] View file "Users/index.ctp" is missing.
Exception Attributes: array (
  'file' => 'Users/index.ctp',
)
Request URL: /users
Stack Trace:
#0 /var/www/html/lib/Cake/View/View.php(470): View->_getViewFileName('Users/index')
#1 /var/www/html/lib/Cake/Controller/Controller.php(968): View->render(NULL, NULL)
#2 /var/www/html/lib/Cake/Routing/Dispatcher.php(200): Controller->render()
#3 /var/www/html/lib/Cake/Routing/Dispatcher.php(167): Dispatcher->_invoke(Object(UsersController), Object(CakeRequest))
#4 /var/www/html/app/webroot/index.php(117): Dispatcher->dispatch(Object(CakeRequest), Object(CakeResponse))
#5 {main}
2019-10-25 19:43:48 Error: [Error] Call to a member function findById() on null
Request URL: /
Stack Trace:
#0 [internal function]: PostsController->index()
#1 /var/www/html/lib/Cake/Controller/Controller.php(499): ReflectionMethod->invokeArgs(Object(PostsController), Array)
#2 /var/www/html/lib/Cake/Routing/Dispatcher.php(193): Controller->invokeAction(Object(CakeRequest))
#3 /var/www/html/lib/Cake/Routing/Dispatcher.php(167): Dispatcher->_invoke(Object(PostsController), Object(CakeRequest))
#4 /var/www/html/app/webroot/index.php(117): Dispatcher->dispatch(Object(CakeRequest), Object(CakeResponse))
#5 {main}
2019-10-25 19:44:28 Error: [Error] Call to a member function findById() on null
Request URL: /
Stack Trace:
#0 [internal function]: PostsController->index()
#1 /var/www/html/lib/Cake/Controller/Controller.php(499): ReflectionMethod->invokeArgs(Object(PostsController), Array)
#2 /var/www/html/lib/Cake/Routing/Dispatcher.php(193): Controller->invokeAction(Object(CakeRequest))
#3 /var/www/html/lib/Cake/Routing/Dispatcher.php(167): Dispatcher->_invoke(Object(PostsController), Object(CakeRequest))
#4 /var/www/html/app/webroot/index.php(117): Dispatcher->dispatch(Object(CakeRequest), Object(CakeResponse))
#5 {main}
2019-10-25 19:47:40 Error: [Error] Call to a member function findById() on null
Request URL: /
Stack Trace:
#0 [internal function]: PostsController->index()
#1 /var/www/html/lib/Cake/Controller/Controller.php(499): ReflectionMethod->invokeArgs(Object(PostsController), Array)
#2 /var/www/html/lib/Cake/Routing/Dispatcher.php(193): Controller->invokeAction(Object(CakeRequest))
#3 /var/www/html/lib/Cake/Routing/Dispatcher.php(167): Dispatcher->_invoke(Object(PostsController), Object(CakeRequest))
#4 /var/www/html/app/webroot/index.php(117): Dispatcher->dispatch(Object(CakeRequest), Object(CakeResponse))
#5 {main}
2019-10-25 19:48:22 Error: [Error] Call to a member function findById() on null
Request URL: /
Stack Trace:
#0 [internal function]: PostsController->index()
#1 /var/www/html/lib/Cake/Controller/Controller.php(499): ReflectionMethod->invokeArgs(Object(PostsController), Array)
#2 /var/www/html/lib/Cake/Routing/Dispatcher.php(193): Controller->invokeAction(Object(CakeRequest))
#3 /var/www/html/lib/Cake/Routing/Dispatcher.php(167): Dispatcher->_invoke(Object(PostsController), Object(CakeRequest))
#4 /var/www/html/app/webroot/index.php(117): Dispatcher->dispatch(Object(CakeRequest), Object(CakeResponse))
#5 {main}
2019-10-25 19:48:23 Error: [Error] Call to a member function findById() on null
Request URL: /
Stack Trace:
#0 [internal function]: PostsController->index()
#1 /var/www/html/lib/Cake/Controller/Controller.php(499): ReflectionMethod->invokeArgs(Object(PostsController), Array)
#2 /var/www/html/lib/Cake/Routing/Dispatcher.php(193): Controller->invokeAction(Object(CakeRequest))
#3 /var/www/html/lib/Cake/Routing/Dispatcher.php(167): Dispatcher->_invoke(Object(PostsController), Object(CakeRequest))
#4 /var/www/html/app/webroot/index.php(117): Dispatcher->dispatch(Object(CakeRequest), Object(CakeResponse))
#5 {main}
2019-10-25 19:48:33 Error: [Error] Call to a member function findById() on null
Request URL: /
Stack Trace:
#0 [internal function]: PostsController->index()
#1 /var/www/html/lib/Cake/Controller/Controller.php(499): ReflectionMethod->invokeArgs(Object(PostsController), Array)
#2 /var/www/html/lib/Cake/Routing/Dispatcher.php(193): Controller->invokeAction(Object(CakeRequest))
#3 /var/www/html/lib/Cake/Routing/Dispatcher.php(167): Dispatcher->_invoke(Object(PostsController), Object(CakeRequest))
#4 /var/www/html/app/webroot/index.php(117): Dispatcher->dispatch(Object(CakeRequest), Object(CakeResponse))
#5 {main}
2019-10-25 19:48:34 Error: [Error] Call to a member function findById() on null
Request URL: /
Stack Trace:
#0 [internal function]: PostsController->index()
#1 /var/www/html/lib/Cake/Controller/Controller.php(499): ReflectionMethod->invokeArgs(Object(PostsController), Array)
#2 /var/www/html/lib/Cake/Routing/Dispatcher.php(193): Controller->invokeAction(Object(CakeRequest))
#3 /var/www/html/lib/Cake/Routing/Dispatcher.php(167): Dispatcher->_invoke(Object(PostsController), Object(CakeRequest))
#4 /var/www/html/app/webroot/index.php(117): Dispatcher->dispatch(Object(CakeRequest), Object(CakeResponse))
#5 {main}
2019-10-25 19:48:34 Error: [Error] Call to a member function findById() on null
Request URL: /
Stack Trace:
#0 [internal function]: PostsController->index()
#1 /var/www/html/lib/Cake/Controller/Controller.php(499): ReflectionMethod->invokeArgs(Object(PostsController), Array)
#2 /var/www/html/lib/Cake/Routing/Dispatcher.php(193): Controller->invokeAction(Object(CakeRequest))
#3 /var/www/html/lib/Cake/Routing/Dispatcher.php(167): Dispatcher->_invoke(Object(PostsController), Object(CakeRequest))
#4 /var/www/html/app/webroot/index.php(117): Dispatcher->dispatch(Object(CakeRequest), Object(CakeResponse))
#5 {main}
2019-10-25 19:49:51 Error: [Error] Call to undefined method PostsController::findById()
Request URL: /
Stack Trace:
#0 [internal function]: PostsController->index()
#1 /var/www/html/lib/Cake/Controller/Controller.php(499): ReflectionMethod->invokeArgs(Object(PostsController), Array)
#2 /var/www/html/lib/Cake/Routing/Dispatcher.php(193): Controller->invokeAction(Object(CakeRequest))
#3 /var/www/html/lib/Cake/Routing/Dispatcher.php(167): Dispatcher->_invoke(Object(PostsController), Object(CakeRequest))
#4 /var/www/html/app/webroot/index.php(117): Dispatcher->dispatch(Object(CakeRequest), Object(CakeResponse))
#5 {main}
2019-10-25 19:49:51 Error: [Error] Call to undefined method PostsController::findById()
Request URL: /
Stack Trace:
#0 [internal function]: PostsController->index()
#1 /var/www/html/lib/Cake/Controller/Controller.php(499): ReflectionMethod->invokeArgs(Object(PostsController), Array)
#2 /var/www/html/lib/Cake/Routing/Dispatcher.php(193): Controller->invokeAction(Object(CakeRequest))
#3 /var/www/html/lib/Cake/Routing/Dispatcher.php(167): Dispatcher->_invoke(Object(PostsController), Object(CakeRequest))
#4 /var/www/html/app/webroot/index.php(117): Dispatcher->dispatch(Object(CakeRequest), Object(CakeResponse))
#5 {main}
2019-10-25 19:51:13 Error: [Error] Call to a member function findById() on null
Request URL: /
Stack Trace:
#0 [internal function]: PostsController->index()
#1 /var/www/html/lib/Cake/Controller/Controller.php(499): ReflectionMethod->invokeArgs(Object(PostsController), Array)
#2 /var/www/html/lib/Cake/Routing/Dispatcher.php(193): Controller->invokeAction(Object(CakeRequest))
#3 /var/www/html/lib/Cake/Routing/Dispatcher.php(167): Dispatcher->_invoke(Object(PostsController), Object(CakeRequest))
#4 /var/www/html/app/webroot/index.php(117): Dispatcher->dispatch(Object(CakeRequest), Object(CakeResponse))
#5 {main}
2019-10-25 19:51:14 Error: [Error] Call to a member function findById() on null
Request URL: /
Stack Trace:
#0 [internal function]: PostsController->index()
#1 /var/www/html/lib/Cake/Controller/Controller.php(499): ReflectionMethod->invokeArgs(Object(PostsController), Array)
#2 /var/www/html/lib/Cake/Routing/Dispatcher.php(193): Controller->invokeAction(Object(CakeRequest))
#3 /var/www/html/lib/Cake/Routing/Dispatcher.php(167): Dispatcher->_invoke(Object(PostsController), Object(CakeRequest))
#4 /var/www/html/app/webroot/index.php(117): Dispatcher->dispatch(Object(CakeRequest), Object(CakeResponse))
#5 {main}
2019-10-25 19:51:14 Error: [Error] Call to a member function findById() on null
Request URL: /
Stack Trace:
#0 [internal function]: PostsController->index()
#1 /var/www/html/lib/Cake/Controller/Controller.php(499): ReflectionMethod->invokeArgs(Object(PostsController), Array)
#2 /var/www/html/lib/Cake/Routing/Dispatcher.php(193): Controller->invokeAction(Object(CakeRequest))
#3 /var/www/html/lib/Cake/Routing/Dispatcher.php(167): Dispatcher->_invoke(Object(PostsController), Object(CakeRequest))
#4 /var/www/html/app/webroot/index.php(117): Dispatcher->dispatch(Object(CakeRequest), Object(CakeResponse))
#5 {main}
2019-10-25 19:51:40 Error: [Error] Call to a member function findById() on null
Request URL: /
Stack Trace:
#0 [internal function]: PostsController->index()
#1 /var/www/html/lib/Cake/Controller/Controller.php(499): ReflectionMethod->invokeArgs(Object(PostsController), Array)
#2 /var/www/html/lib/Cake/Routing/Dispatcher.php(193): Controller->invokeAction(Object(CakeRequest))
#3 /var/www/html/lib/Cake/Routing/Dispatcher.php(167): Dispatcher->_invoke(Object(PostsController), Object(CakeRequest))
#4 /var/www/html/app/webroot/index.php(117): Dispatcher->dispatch(Object(CakeRequest), Object(CakeResponse))
#5 {main}
2019-10-25 19:51:40 Error: [Error] Call to a member function findById() on null
Request URL: /
Stack Trace:
#0 [internal function]: PostsController->index()
#1 /var/www/html/lib/Cake/Controller/Controller.php(499): ReflectionMethod->invokeArgs(Object(PostsController), Array)
#2 /var/www/html/lib/Cake/Routing/Dispatcher.php(193): Controller->invokeAction(Object(CakeRequest))
#3 /var/www/html/lib/Cake/Routing/Dispatcher.php(167): Dispatcher->_invoke(Object(PostsController), Object(CakeRequest))
#4 /var/www/html/app/webroot/index.php(117): Dispatcher->dispatch(Object(CakeRequest), Object(CakeResponse))
#5 {main}
2019-10-25 19:51:40 Error: [Error] Call to a member function findById() on null
Request URL: /
Stack Trace:
#0 [internal function]: PostsController->index()
#1 /var/www/html/lib/Cake/Controller/Controller.php(499): ReflectionMethod->invokeArgs(Object(PostsController), Array)
#2 /var/www/html/lib/Cake/Routing/Dispatcher.php(193): Controller->invokeAction(Object(CakeRequest))
#3 /var/www/html/lib/Cake/Routing/Dispatcher.php(167): Dispatcher->_invoke(Object(PostsController), Object(CakeRequest))
#4 /var/www/html/app/webroot/index.php(117): Dispatcher->dispatch(Object(CakeRequest), Object(CakeResponse))
#5 {main}
2019-10-25 19:51:41 Error: [Error] Call to a member function findById() on null
Request URL: /
Stack Trace:
#0 [internal function]: PostsController->index()
#1 /var/www/html/lib/Cake/Controller/Controller.php(499): ReflectionMethod->invokeArgs(Object(PostsController), Array)
#2 /var/www/html/lib/Cake/Routing/Dispatcher.php(193): Controller->invokeAction(Object(CakeRequest))
#3 /var/www/html/lib/Cake/Routing/Dispatcher.php(167): Dispatcher->_invoke(Object(PostsController), Object(CakeRequest))
#4 /var/www/html/app/webroot/index.php(117): Dispatcher->dispatch(Object(CakeRequest), Object(CakeResponse))
#5 {main}
2019-10-25 19:51:41 Error: [Error] Call to a member function findById() on null
Request URL: /
Stack Trace:
#0 [internal function]: PostsController->index()
#1 /var/www/html/lib/Cake/Controller/Controller.php(499): ReflectionMethod->invokeArgs(Object(PostsController), Array)
#2 /var/www/html/lib/Cake/Routing/Dispatcher.php(193): Controller->invokeAction(Object(CakeRequest))
#3 /var/www/html/lib/Cake/Routing/Dispatcher.php(167): Dispatcher->_invoke(Object(PostsController), Object(CakeRequest))
#4 /var/www/html/app/webroot/index.php(117): Dispatcher->dispatch(Object(CakeRequest), Object(CakeResponse))
#5 {main}
2019-10-25 19:51:41 Error: [Error] Call to a member function findById() on null
Request URL: /
Stack Trace:
#0 [internal function]: PostsController->index()
#1 /var/www/html/lib/Cake/Controller/Controller.php(499): ReflectionMethod->invokeArgs(Object(PostsController), Array)
#2 /var/www/html/lib/Cake/Routing/Dispatcher.php(193): Controller->invokeAction(Object(CakeRequest))
#3 /var/www/html/lib/Cake/Routing/Dispatcher.php(167): Dispatcher->_invoke(Object(PostsController), Object(CakeRequest))
#4 /var/www/html/app/webroot/index.php(117): Dispatcher->dispatch(Object(CakeRequest), Object(CakeResponse))
#5 {main}
2019-10-25 19:51:42 Error: [Error] Call to a member function findById() on null
Request URL: /
Stack Trace:
#0 [internal function]: PostsController->index()
#1 /var/www/html/lib/Cake/Controller/Controller.php(499): ReflectionMethod->invokeArgs(Object(PostsController), Array)
#2 /var/www/html/lib/Cake/Routing/Dispatcher.php(193): Controller->invokeAction(Object(CakeRequest))
#3 /var/www/html/lib/Cake/Routing/Dispatcher.php(167): Dispatcher->_invoke(Object(PostsController), Object(CakeRequest))
#4 /var/www/html/app/webroot/index.php(117): Dispatcher->dispatch(Object(CakeRequest), Object(CakeResponse))
#5 {main}
2019-10-28 11:21:29 Error: [MissingViewException] View file "Users/index.ctp" is missing.
Exception Attributes: array (
  'file' => 'Users/index.ctp',
)
Request URL: /users
Stack Trace:
#0 /var/www/html/lib/Cake/View/View.php(470): View->_getViewFileName('Users/index')
#1 /var/www/html/lib/Cake/Controller/Controller.php(968): View->render(NULL, NULL)
#2 /var/www/html/lib/Cake/Routing/Dispatcher.php(200): Controller->render()
#3 /var/www/html/lib/Cake/Routing/Dispatcher.php(167): Dispatcher->_invoke(Object(UsersController), Object(CakeRequest))
#4 /var/www/html/app/webroot/index.php(117): Dispatcher->dispatch(Object(CakeRequest), Object(CakeResponse))
#5 {main}
2019-10-28 11:23:40 Error: [MissingViewException] View file "Users/index.ctp" is missing.
Exception Attributes: array (
  'file' => 'Users/index.ctp',
)
Request URL: /users
Stack Trace:
#0 /var/www/html/lib/Cake/View/View.php(470): View->_getViewFileName('Users/index')
#1 /var/www/html/lib/Cake/Controller/Controller.php(968): View->render(NULL, NULL)
#2 /var/www/html/lib/Cake/Routing/Dispatcher.php(200): Controller->render()
#3 /var/www/html/lib/Cake/Routing/Dispatcher.php(167): Dispatcher->_invoke(Object(UsersController), Object(CakeRequest))
#4 /var/www/html/app/webroot/index.php(117): Dispatcher->dispatch(Object(CakeRequest), Object(CakeResponse))
#5 {main}
2019-10-28 11:52:24 Error: [ParseError] syntax error, unexpected 'echo' (T_ECHO)
Request URL: /
Stack Trace:
#0 /var/www/html/lib/Cake/View/View.php(933): View->_evaluate('/var/www/html/a...', Array)
#1 /var/www/html/lib/Cake/View/View.php(473): View->_render('/var/www/html/a...')
#2 /var/www/html/lib/Cake/Controller/Controller.php(968): View->render(NULL, NULL)
#3 /var/www/html/lib/Cake/Routing/Dispatcher.php(200): Controller->render()
#4 /var/www/html/lib/Cake/Routing/Dispatcher.php(167): Dispatcher->_invoke(Object(PostsController), Object(CakeRequest))
#5 /var/www/html/app/webroot/index.php(117): Dispatcher->dispatch(Object(CakeRequest), Object(CakeResponse))
#6 {main}
2019-10-28 12:56:39 Error: [ParseError] syntax error, unexpected 'array' (T_ARRAY), expecting ',' or ')'
Request URL: /
Stack Trace:
#0 /var/www/html/lib/Cake/View/View.php(933): View->_evaluate('/var/www/html/a...', Array)
#1 /var/www/html/lib/Cake/View/View.php(546): View->_render('/var/www/html/a...')
#2 /var/www/html/lib/Cake/View/View.php(481): View->renderLayout('<h2>\n    </h2>\n...', 'default')
#3 /var/www/html/lib/Cake/Controller/Controller.php(968): View->render(NULL, 'default')
#4 /var/www/html/lib/Cake/Routing/Dispatcher.php(200): Controller->render()
#5 /var/www/html/lib/Cake/Routing/Dispatcher.php(167): Dispatcher->_invoke(Object(PostsController), Object(CakeRequest))
#6 /var/www/html/app/webroot/index.php(117): Dispatcher->dispatch(Object(CakeRequest), Object(CakeResponse))
#7 {main}
2019-10-28 12:56:39 Error: Fatal Error (16): Exception thrown without a stack frame in [Unknown, line 0]
2019-10-28 12:56:39 Error: [FatalErrorException] Exception thrown without a stack frame
Request URL: /
Stack Trace:
#0 /var/www/html/lib/Cake/Error/ErrorHandler.php(212): ErrorHandler::handleFatalError(16, 'Exception throw...', 'Unknown', 0)
#1 /var/www/html/lib/Cake/Core/App.php(970): ErrorHandler::handleError(16, 'Exception throw...', 'Unknown', 0, Array)
#2 /var/www/html/lib/Cake/Core/App.php(943): App::_checkFatalError()
#3 [internal function]: App::shutdown()
#4 {main}
2019-10-28 13:43:51 Error: [ParseError] syntax error, unexpected end of file
Request URL: /
Stack Trace:
#0 /var/www/html/lib/Cake/View/View.php(933): View->_evaluate('/var/www/html/a...', Array)
#1 /var/www/html/lib/Cake/View/View.php(546): View->_render('/var/www/html/a...')
#2 /var/www/html/lib/Cake/View/View.php(481): View->renderLayout('<h2>\n    lucas(...', 'default')
#3 /var/www/html/lib/Cake/Controller/Controller.php(968): View->render(NULL, 'default')
#4 /var/www/html/lib/Cake/Routing/Dispatcher.php(200): Controller->render()
#5 /var/www/html/lib/Cake/Routing/Dispatcher.php(167): Dispatcher->_invoke(Object(PostsController), Object(CakeRequest))
#6 /var/www/html/app/webroot/index.php(117): Dispatcher->dispatch(Object(CakeRequest), Object(CakeResponse))
#7 {main}
2019-10-28 13:43:51 Error: Fatal Error (16): Exception thrown without a stack frame in [Unknown, line 0]
2019-10-28 13:43:51 Error: [FatalErrorException] Exception thrown without a stack frame
Request URL: /
Stack Trace:
#0 /var/www/html/lib/Cake/Error/ErrorHandler.php(212): ErrorHandler::handleFatalError(16, 'Exception throw...', 'Unknown', 0)
#1 /var/www/html/lib/Cake/Core/App.php(970): ErrorHandler::handleError(16, 'Exception throw...', 'Unknown', 0, Array)
#2 /var/www/html/lib/Cake/Core/App.php(943): App::_checkFatalError()
#3 [internal function]: App::shutdown()
#4 {main}
2019-10-28 14:25:20 Error: [Error] Call to a member function user() on null
Request URL: /
Stack Trace:
#0 [internal function]: PostsController->__construct(Object(CakeRequest), Object(CakeResponse))
#1 /var/www/html/lib/Cake/Routing/Dispatcher.php(243): ReflectionClass->newInstance(Object(CakeRequest), Object(CakeResponse))
#2 /var/www/html/lib/Cake/Routing/Dispatcher.php(158): Dispatcher->_getController(Object(CakeRequest), Object(CakeResponse))
#3 /var/www/html/app/webroot/index.php(117): Dispatcher->dispatch(Object(CakeRequest), Object(CakeResponse))
#4 {main}
2019-10-28 14:25:21 Error: [Error] Call to a member function user() on null
Request URL: /
Stack Trace:
#0 [internal function]: PostsController->__construct(Object(CakeRequest), Object(CakeResponse))
#1 /var/www/html/lib/Cake/Routing/Dispatcher.php(243): ReflectionClass->newInstance(Object(CakeRequest), Object(CakeResponse))
#2 /var/www/html/lib/Cake/Routing/Dispatcher.php(158): Dispatcher->_getController(Object(CakeRequest), Object(CakeResponse))
#3 /var/www/html/app/webroot/index.php(117): Dispatcher->dispatch(Object(CakeRequest), Object(CakeResponse))
#4 {main}
2019-10-28 14:25:22 Error: [Error] Call to a member function user() on null
Request URL: /
Stack Trace:
#0 [internal function]: PostsController->__construct(Object(CakeRequest), Object(CakeResponse))
#1 /var/www/html/lib/Cake/Routing/Dispatcher.php(243): ReflectionClass->newInstance(Object(CakeRequest), Object(CakeResponse))
#2 /var/www/html/lib/Cake/Routing/Dispatcher.php(158): Dispatcher->_getController(Object(CakeRequest), Object(CakeResponse))
#3 /var/www/html/app/webroot/index.php(117): Dispatcher->dispatch(Object(CakeRequest), Object(CakeResponse))
#4 {main}
2019-10-28 15:31:27 Error: [Error] Call to a member function init() on null
Request URL: /
Stack Trace:
#0 /var/www/html/lib/Cake/Routing/Dispatcher.php(188): Controller->constructClasses()
#1 /var/www/html/lib/Cake/Routing/Dispatcher.php(167): Dispatcher->_invoke(Object(PostsController), Object(CakeRequest))
#2 /var/www/html/app/webroot/index.php(117): Dispatcher->dispatch(Object(CakeRequest), Object(CakeResponse))
#3 {main}
2019-10-28 15:31:40 Error: [Error] Call to a member function init() on null
Request URL: /
Stack Trace:
#0 /var/www/html/lib/Cake/Routing/Dispatcher.php(188): Controller->constructClasses()
#1 /var/www/html/lib/Cake/Routing/Dispatcher.php(167): Dispatcher->_invoke(Object(PostsController), Object(CakeRequest))
#2 /var/www/html/app/webroot/index.php(117): Dispatcher->dispatch(Object(CakeRequest), Object(CakeResponse))
#3 {main}
2019-10-28 15:37:06 Error: [Error] Call to a member function user() on null
Request URL: /
Stack Trace:
#0 [internal function]: PostsController->__construct(Object(CakeRequest), Object(CakeResponse))
#1 /var/www/html/lib/Cake/Routing/Dispatcher.php(243): ReflectionClass->newInstance(Object(CakeRequest), Object(CakeResponse))
#2 /var/www/html/lib/Cake/Routing/Dispatcher.php(158): Dispatcher->_getController(Object(CakeRequest), Object(CakeResponse))
#3 /var/www/html/app/webroot/index.php(117): Dispatcher->dispatch(Object(CakeRequest), Object(CakeResponse))
#4 {main}
2019-10-28 15:39:59 Error: [Error] Call to a member function user() on null
Request URL: /
Stack Trace:
#0 [internal function]: PostsController->__construct(Object(CakeRequest), Object(CakeResponse))
#1 /var/www/html/lib/Cake/Routing/Dispatcher.php(243): ReflectionClass->newInstance(Object(CakeRequest), Object(CakeResponse))
#2 /var/www/html/lib/Cake/Routing/Dispatcher.php(158): Dispatcher->_getController(Object(CakeRequest), Object(CakeResponse))
#3 /var/www/html/app/webroot/index.php(117): Dispatcher->dispatch(Object(CakeRequest), Object(CakeResponse))
#4 {main}
2019-10-28 15:50:23 Error: [ParseError] syntax error, unexpected ')'
Request URL: /
Stack Trace:
#0 /var/www/html/lib/Cake/View/View.php(933): View->_evaluate('/var/www/html/a...', Array)
#1 /var/www/html/lib/Cake/View/View.php(546): View->_render('/var/www/html/a...')
#2 /var/www/html/lib/Cake/View/View.php(481): View->renderLayout('\n<h1 id="main__...', 'default')
#3 /var/www/html/lib/Cake/Controller/Controller.php(968): View->render(NULL, 'default')
#4 /var/www/html/lib/Cake/Routing/Dispatcher.php(200): Controller->render()
#5 /var/www/html/lib/Cake/Routing/Dispatcher.php(167): Dispatcher->_invoke(Object(PostsController), Object(CakeRequest))
#6 /var/www/html/app/webroot/index.php(117): Dispatcher->dispatch(Object(CakeRequest), Object(CakeResponse))
#7 {main}
2019-10-28 15:50:23 Error: Fatal Error (16): Exception thrown without a stack frame in [Unknown, line 0]
2019-10-28 15:50:23 Error: [FatalErrorException] Exception thrown without a stack frame
Request URL: /
Stack Trace:
#0 /var/www/html/lib/Cake/Error/ErrorHandler.php(212): ErrorHandler::handleFatalError(16, 'Exception throw...', 'Unknown', 0)
#1 /var/www/html/lib/Cake/Core/App.php(970): ErrorHandler::handleError(16, 'Exception throw...', 'Unknown', 0, Array)
#2 /var/www/html/lib/Cake/Core/App.php(943): App::_checkFatalError()
#3 [internal function]: App::shutdown()
#4 {main}
2019-10-28 16:21:12 Error: [Error] Class 'CakeTime' not found
Request URL: /
Stack Trace:
#0 /var/www/html/lib/Cake/View/View.php(971): include()
#1 /var/www/html/lib/Cake/View/View.php(933): View->_evaluate('/var/www/html/a...', Array)
#2 /var/www/html/lib/Cake/View/View.php(473): View->_render('/var/www/html/a...')
#3 /var/www/html/lib/Cake/Controller/Controller.php(968): View->render(NULL, NULL)
#4 /var/www/html/lib/Cake/Routing/Dispatcher.php(200): Controller->render()
#5 /var/www/html/lib/Cake/Routing/Dispatcher.php(167): Dispatcher->_invoke(Object(PostsController), Object(CakeRequest))
#6 /var/www/html/app/webroot/index.php(117): Dispatcher->dispatch(Object(CakeRequest), Object(CakeResponse))
#7 {main}
2019-10-28 17:26:57 Error: [ParseError] syntax error, unexpected '=>' (T_DOUBLE_ARROW), expecting ',' or ')'
Request URL: /users/add
Stack Trace:
#0 /var/www/html/lib/Cake/View/View.php(933): View->_evaluate('/var/www/html/a...', Array)
#1 /var/www/html/lib/Cake/View/View.php(473): View->_render('/var/www/html/a...')
#2 /var/www/html/lib/Cake/Controller/Controller.php(968): View->render(NULL, NULL)
#3 /var/www/html/lib/Cake/Routing/Dispatcher.php(200): Controller->render()
#4 /var/www/html/lib/Cake/Routing/Dispatcher.php(167): Dispatcher->_invoke(Object(UsersController), Object(CakeRequest))
#5 /var/www/html/app/webroot/index.php(117): Dispatcher->dispatch(Object(CakeRequest), Object(CakeResponse))
#6 {main}
2019-10-28 17:27:17 Error: [ParseError] syntax error, unexpected ';', expecting ',' or ')'
Request URL: /users/add
Stack Trace:
#0 /var/www/html/lib/Cake/View/View.php(933): View->_evaluate('/var/www/html/a...', Array)
#1 /var/www/html/lib/Cake/View/View.php(473): View->_render('/var/www/html/a...')
#2 /var/www/html/lib/Cake/Controller/Controller.php(968): View->render(NULL, NULL)
#3 /var/www/html/lib/Cake/Routing/Dispatcher.php(200): Controller->render()
#4 /var/www/html/lib/Cake/Routing/Dispatcher.php(167): Dispatcher->_invoke(Object(UsersController), Object(CakeRequest))
#5 /var/www/html/app/webroot/index.php(117): Dispatcher->dispatch(Object(CakeRequest), Object(CakeResponse))
#6 {main}
